Determining if the pthread_create exist failed with the following output:
Change Dir: /home/syamprasadkr/opencv_ws/opencv_examples/edge_detectors/CMakeFiles/CMakeTmp

Run Build Command:"/usr/bin/make" "cmTC_62daf/fast"
/usr/bin/make -f CMakeFiles/cmTC_62daf.dir/build.make CMakeFiles/cmTC_62daf.dir/build
make[1]: Entering directory '/home/syamprasadkr/opencv_ws/opencv_examples/edge_detectors/CMakeFiles/CMakeTmp'
Building C object CMakeFiles/cmTC_62daf.dir/CheckSymbolExists.c.o
/usr/bin/cc    -fPIC    -o CMakeFiles/cmTC_62daf.dir/CheckSymbolExists.c.o   -c /home/syamprasadkr/opencv_ws/opencv_examples/edge_detectors/CMakeFiles/CMakeTmp/CheckSymbolExists.c
Linking C executable cmTC_62daf
/usr/bin/cmake -E cmake_link_script CMakeFiles/cmTC_62daf.dir/link.txt --verbose=1
/usr/bin/cc  -fPIC     CMakeFiles/cmTC_62daf.dir/CheckSymbolExists.c.o  -o cmTC_62daf -rdynamic 
CMakeFiles/cmTC_62daf.dir/CheckSymbolExists.c.o: In function `main':
CheckSymbolExists.c:(.text+0x1b): undefined reference to `pthread_create'
collect2: error: ld returned 1 exit status
CMakeFiles/cmTC_62daf.dir/build.make:97: recipe for target 'cmTC_62daf' failed
make[1]: *** [cmTC_62daf] Error 1
make[1]: Leaving directory '/home/syamprasadkr/opencv_ws/opencv_examples/edge_detectors/CMakeFiles/CMakeTmp'
Makefile:126: recipe for target 'cmTC_62daf/fast' failed
make: *** [cmTC_62daf/fast] Error 2

File /home/syamprasadkr/opencv_ws/opencv_examples/edge_detectors/CMakeFiles/CMakeTmp/CheckSymbolExists.c:
/* */
#include <pthread.h>

int main(int argc, char** argv)
{
  (void)argv;
#ifndef pthread_create
  return ((int*)(&pthread_create))[argc];
#else
  (void)argc;
  return 0;
#endif
}

Determining if the function pthread_create exists in the pthreads failed with the following output:
Change Dir: /home/syamprasadkr/opencv_ws/opencv_examples/edge_detectors/CMakeFiles/CMakeTmp

Run Build Command:"/usr/bin/make" "cmTC_fab81/fast"
/usr/bin/make -f CMakeFiles/cmTC_fab81.dir/build.make CMakeFiles/cmTC_fab81.dir/build
make[1]: Entering directory '/home/syamprasadkr/opencv_ws/opencv_examples/edge_detectors/CMakeFiles/CMakeTmp'
Building C object CMakeFiles/cmTC_fab81.dir/CheckFunctionExists.c.o
/usr/bin/cc    -fPIC -DCHECK_FUNCTION_EXISTS=pthread_create   -o CMakeFiles/cmTC_fab81.dir/CheckFunctionExists.c.o   -c /usr/share/cmake-3.5/Modules/CheckFunctionExists.c
Linking C executable cmTC_fab81
/usr/bin/cmake -E cmake_link_script CMakeFiles/cmTC_fab81.dir/link.txt --verbose=1
/usr/bin/cc  -fPIC -DCHECK_FUNCTION_EXISTS=pthread_create    CMakeFiles/cmTC_fab81.dir/CheckFunctionExists.c.o  -o cmTC_fab81 -rdynamic -lpthreads 
/usr/bin/ld: cannot find -lpthreads
collect2: error: ld returned 1 exit status
CMakeFiles/cmTC_fab81.dir/build.make:97: recipe for target 'cmTC_fab81' failed
make[1]: *** [cmTC_fab81] Error 1
make[1]: Leaving directory '/home/syamprasadkr/opencv_ws/opencv_examples/edge_detectors/CMakeFiles/CMakeTmp'
Makefile:126: recipe for target 'cmTC_fab81/fast' failed
make: *** [cmTC_fab81/fast] Error 2


