Determining if the pthread_create exist failed with the following output:
Change Dir: /home/syamprasadkr/opencv_ws/opencv_examples/harris_corner_detector/CMakeFiles/CMakeTmp

Run Build Command:"/usr/bin/make" "cmTC_bd315/fast"
/usr/bin/make -f CMakeFiles/cmTC_bd315.dir/build.make CMakeFiles/cmTC_bd315.dir/build
make[1]: Entering directory '/home/syamprasadkr/opencv_ws/opencv_examples/harris_corner_detector/CMakeFiles/CMakeTmp'
Building C object CMakeFiles/cmTC_bd315.dir/CheckSymbolExists.c.o
/usr/bin/cc    -fPIC    -o CMakeFiles/cmTC_bd315.dir/CheckSymbolExists.c.o   -c /home/syamprasadkr/opencv_ws/opencv_examples/harris_corner_detector/CMakeFiles/CMakeTmp/CheckSymbolExists.c
Linking C executable cmTC_bd315
/usr/bin/cmake -E cmake_link_script CMakeFiles/cmTC_bd315.dir/link.txt --verbose=1
/usr/bin/cc  -fPIC     CMakeFiles/cmTC_bd315.dir/CheckSymbolExists.c.o  -o cmTC_bd315 -rdynamic 
CMakeFiles/cmTC_bd315.dir/CheckSymbolExists.c.o: In function `main':
CheckSymbolExists.c:(.text+0x1b): undefined reference to `pthread_create'
collect2: error: ld returned 1 exit status
CMakeFiles/cmTC_bd315.dir/build.make:97: recipe for target 'cmTC_bd315' failed
make[1]: *** [cmTC_bd315] Error 1
make[1]: Leaving directory '/home/syamprasadkr/opencv_ws/opencv_examples/harris_corner_detector/CMakeFiles/CMakeTmp'
Makefile:126: recipe for target 'cmTC_bd315/fast' failed
make: *** [cmTC_bd315/fast] Error 2

File /home/syamprasadkr/opencv_ws/opencv_examples/harris_corner_detector/CMakeFiles/CMakeTmp/CheckSymbolExists.c:
/* */
#include <pthread.h>

int main(int argc, char** argv)
{
  (void)argv;
#ifndef pthread_create
  return ((int*)(&pthread_create))[argc];
#else
  (void)argc;
  return 0;
#endif
}

Determining if the function pthread_create exists in the pthreads failed with the following output:
Change Dir: /home/syamprasadkr/opencv_ws/opencv_examples/harris_corner_detector/CMakeFiles/CMakeTmp

Run Build Command:"/usr/bin/make" "cmTC_560ff/fast"
/usr/bin/make -f CMakeFiles/cmTC_560ff.dir/build.make CMakeFiles/cmTC_560ff.dir/build
make[1]: Entering directory '/home/syamprasadkr/opencv_ws/opencv_examples/harris_corner_detector/CMakeFiles/CMakeTmp'
Building C object CMakeFiles/cmTC_560ff.dir/CheckFunctionExists.c.o
/usr/bin/cc    -fPIC -DCHECK_FUNCTION_EXISTS=pthread_create   -o CMakeFiles/cmTC_560ff.dir/CheckFunctionExists.c.o   -c /usr/share/cmake-3.5/Modules/CheckFunctionExists.c
Linking C executable cmTC_560ff
/usr/bin/cmake -E cmake_link_script CMakeFiles/cmTC_560ff.dir/link.txt --verbose=1
/usr/bin/cc  -fPIC -DCHECK_FUNCTION_EXISTS=pthread_create    CMakeFiles/cmTC_560ff.dir/CheckFunctionExists.c.o  -o cmTC_560ff -rdynamic -lpthreads 
/usr/bin/ld: cannot find -lpthreads
collect2: error: ld returned 1 exit status
CMakeFiles/cmTC_560ff.dir/build.make:97: recipe for target 'cmTC_560ff' failed
make[1]: *** [cmTC_560ff] Error 1
make[1]: Leaving directory '/home/syamprasadkr/opencv_ws/opencv_examples/harris_corner_detector/CMakeFiles/CMakeTmp'
Makefile:126: recipe for target 'cmTC_560ff/fast' failed
make: *** [cmTC_560ff/fast] Error 2


