Determining if the pthread_create exist failed with the following output:
Change Dir: /home/syamprasadkr/opencv_ws/opencv_examples/fast_corner_detector/CMakeFiles/CMakeTmp

Run Build Command:"/usr/bin/make" "cmTC_7e215/fast"
/usr/bin/make -f CMakeFiles/cmTC_7e215.dir/build.make CMakeFiles/cmTC_7e215.dir/build
make[1]: Entering directory '/home/syamprasadkr/opencv_ws/opencv_examples/fast_corner_detector/CMakeFiles/CMakeTmp'
Building C object CMakeFiles/cmTC_7e215.dir/CheckSymbolExists.c.o
/usr/bin/cc    -fPIC    -o CMakeFiles/cmTC_7e215.dir/CheckSymbolExists.c.o   -c /home/syamprasadkr/opencv_ws/opencv_examples/fast_corner_detector/CMakeFiles/CMakeTmp/CheckSymbolExists.c
Linking C executable cmTC_7e215
/usr/bin/cmake -E cmake_link_script CMakeFiles/cmTC_7e215.dir/link.txt --verbose=1
/usr/bin/cc  -fPIC     CMakeFiles/cmTC_7e215.dir/CheckSymbolExists.c.o  -o cmTC_7e215 -rdynamic 
CMakeFiles/cmTC_7e215.dir/CheckSymbolExists.c.o: In function `main':
CheckSymbolExists.c:(.text+0x1b): undefined reference to `pthread_create'
collect2: error: ld returned 1 exit status
CMakeFiles/cmTC_7e215.dir/build.make:97: recipe for target 'cmTC_7e215' failed
make[1]: *** [cmTC_7e215] Error 1
make[1]: Leaving directory '/home/syamprasadkr/opencv_ws/opencv_examples/fast_corner_detector/CMakeFiles/CMakeTmp'
Makefile:126: recipe for target 'cmTC_7e215/fast' failed
make: *** [cmTC_7e215/fast] Error 2

File /home/syamprasadkr/opencv_ws/opencv_examples/fast_corner_detector/CMakeFiles/CMakeTmp/CheckSymbolExists.c:
/* */
#include <pthread.h>

int main(int argc, char** argv)
{
  (void)argv;
#ifndef pthread_create
  return ((int*)(&pthread_create))[argc];
#else
  (void)argc;
  return 0;
#endif
}

Determining if the function pthread_create exists in the pthreads failed with the following output:
Change Dir: /home/syamprasadkr/opencv_ws/opencv_examples/fast_corner_detector/CMakeFiles/CMakeTmp

Run Build Command:"/usr/bin/make" "cmTC_3c24a/fast"
/usr/bin/make -f CMakeFiles/cmTC_3c24a.dir/build.make CMakeFiles/cmTC_3c24a.dir/build
make[1]: Entering directory '/home/syamprasadkr/opencv_ws/opencv_examples/fast_corner_detector/CMakeFiles/CMakeTmp'
Building C object CMakeFiles/cmTC_3c24a.dir/CheckFunctionExists.c.o
/usr/bin/cc    -fPIC -DCHECK_FUNCTION_EXISTS=pthread_create   -o CMakeFiles/cmTC_3c24a.dir/CheckFunctionExists.c.o   -c /usr/share/cmake-3.5/Modules/CheckFunctionExists.c
Linking C executable cmTC_3c24a
/usr/bin/cmake -E cmake_link_script CMakeFiles/cmTC_3c24a.dir/link.txt --verbose=1
/usr/bin/cc  -fPIC -DCHECK_FUNCTION_EXISTS=pthread_create    CMakeFiles/cmTC_3c24a.dir/CheckFunctionExists.c.o  -o cmTC_3c24a -rdynamic -lpthreads 
/usr/bin/ld: cannot find -lpthreads
collect2: error: ld returned 1 exit status
CMakeFiles/cmTC_3c24a.dir/build.make:97: recipe for target 'cmTC_3c24a' failed
make[1]: *** [cmTC_3c24a] Error 1
make[1]: Leaving directory '/home/syamprasadkr/opencv_ws/opencv_examples/fast_corner_detector/CMakeFiles/CMakeTmp'
Makefile:126: recipe for target 'cmTC_3c24a/fast' failed
make: *** [cmTC_3c24a/fast] Error 2


